Mon 17:14: PROGRESS: MaxCompiler version: 2015.1.1 (simulation only)
Mon 17:14: PROGRESS: Build "Brightness" start time: Mon Jan 11 17:14:48 PST 2016
Mon 17:14: PROGRESS: Main build process running as user demo on host localhost.localdomain
Mon 17:14: INFO    : Loading build properties from bundled MaxCompiler_build.conf...
Mon 17:14: INFO    : No default external build property file has been specified.
Mon 17:14: INFO    : (Set environment variable MAXCOMPILER_DEFAULT_CONF_FILE to assign one)
Mon 17:14: INFO    : Loading user build properties from: /home/demo/.MaxCompiler_build_user.conf
Mon 17:14: INFO    : No user-specified external build property file has been specified.
Mon 17:14: INFO    : (Set environment variable MAXCOMPILER_BUILD_CONF_FILE to assign one)
Mon 17:14: INFO    : Loading additional parameters from MAXCOMPILER_BUILD_CONF environment variable
Mon 17:14: PROGRESS: Build location: /home/demo/Desktop/MaxCompiler-Builds/Brightness_MAX2C_DFE_SIM
Mon 17:14: PROGRESS: Detailed build log available in "_build.log"
Mon 17:14: INFO    : Created build manager Brightness (Brightness_MAX2C_DFE_SIM Mon Jan 11 17:14:48 PST 2016). (17:14:48 11/01/16)
Mon 17:14: INFO    : Working in dir: /home/demo/Desktop/MaxCompiler-Builds/Brightness_MAX2C_DFE_SIM
Mon 17:14: INFO    : Java class path (2 paths):
Mon 17:14: INFO    : 	/home/demo/Desktop/konacnoBrightness/Maxeler_Brightness /EngineCode/bin
Mon 17:14: INFO    : 	/opt/maxeler/maxcompiler/lib/MaxCompiler.jar
Mon 17:14: INFO    : Java process started by 'main' method in class 'brightness.BrightnessManager'.
Mon 17:14: INFO    : build.arbitrated_core_cache parameter is blank, not using core-cache
Mon 17:14: INFO    : Checking license files in directory: /opt/maxeler/maxcompiler/licenses
Mon 17:14: INFO    : All license signatures valid.
Mon 17:14: INFO    : Backing-up source-files (old source files in build directory will be removed first)...
Mon 17:14: INFO    : Source directories: /home/demo/Desktop/konacnoBrightness/Maxeler_Brightness /EngineCode/src:
Mon 17:14: INFO    : Deleting directory: src
Mon 17:14: INFO    : Copying source-files took 3.74717 ms
Mon 17:14: PROGRESS: Instantiating manager
Mon 17:14: INFO    : Deleting /home/demo/Desktop/MaxCompiler-Builds/Brightness_MAX2C_DFE_SIM/scratch/BrightnessKernel.graphs
Mon 17:14: PROGRESS: Instantiating kernel "BrightnessKernel"
Mon 17:14: PROGRESS: Compiling manager (CPU I/O Only)
Mon 17:14: INFO    : Manager Configuration:
Mon 17:14: INFO    : 	ManagerConfiguration.allowNonMultipleTransitions = false                                      [Init: false]
Mon 17:14: INFO    : 	ManagerConfiguration.board = MAX24412C                                                        [Init: null, init: MAX24412C]
Mon 17:14: INFO    : 	ManagerConfiguration.build.buildEffort = MEDIUM                                               [Init: MEDIUM]
Mon 17:14: INFO    : 	ManagerConfiguration.build.enableChipScopeInserter = false                                    [Init: false]
Mon 17:14: INFO    : 	ManagerConfiguration.build.enableTimingAnalysis = true                                        [Init: true]
Mon 17:14: INFO    : 	ManagerConfiguration.build.level = FULL_BUILD                                                 [Init: FULL_BUILD]
Mon 17:14: INFO    : 	ManagerConfiguration.build.mpprContinueAfterMeetingTiming = false                             [Init: false]
Mon 17:14: INFO    : 	ManagerConfiguration.build.mpprCtMax = 1                                                      [Init: 1]
Mon 17:14: INFO    : 	ManagerConfiguration.build.mpprCtMin = 1                                                      [Init: 1]
Mon 17:14: INFO    : 	ManagerConfiguration.build.mpprParallelism = 1                                                [Init: 1]
Mon 17:14: INFO    : 	ManagerConfiguration.build.mpprRetryMissesThrshld = 0                                         [Init: 0]
Mon 17:14: INFO    : 	ManagerConfiguration.build.optGoal = BALANCED                                                 [Init: BALANCED]
Mon 17:14: INFO    : 	ManagerConfiguration.build.physSynthAsyncPipelining = AUTO                                    [Init: AUTO]
Mon 17:14: INFO    : 	ManagerConfiguration.build.physSynthCombLogic = AUTO                                          [Init: AUTO]
Mon 17:14: INFO    : 	ManagerConfiguration.build.physSynthCombLogicForArea = AUTO                                   [Init: AUTO]
Mon 17:14: INFO    : 	ManagerConfiguration.build.physSynthEffort = AUTO                                             [Init: AUTO]
Mon 17:14: INFO    : 	ManagerConfiguration.build.physSynthRegDuplication = AUTO                                     [Init: AUTO]
Mon 17:14: INFO    : 	ManagerConfiguration.build.physSynthRetiming = AUTO                                           [Init: AUTO]
Mon 17:14: INFO    : 	ManagerConfiguration.build.physicalSynthesis = false                                          [Init: false]
Mon 17:14: INFO    : 	ManagerConfiguration.buildTarget = DFE_SIM                                                    [Init: null, init: DFE_SIM]
Mon 17:14: INFO    : 	ManagerConfiguration.debug.chipscopeCaptureDepth = 4096                                       [Init: 4096]
Mon 17:14: INFO    : 	ManagerConfiguration.debug.fifoUnderOverFlowRegs = false                                      [Init: false]
Mon 17:14: INFO    : 	ManagerConfiguration.debug.memCtlDebugRegs = true                                             [Init: true]
Mon 17:14: INFO    : 	ManagerConfiguration.debug.memCtlExtraDebugRegs = false                                       [Init: false]
Mon 17:14: INFO    : 	ManagerConfiguration.debug.memMarginingSupport = false                                        [Init: false]
Mon 17:14: INFO    : 	ManagerConfiguration.debug.memPhyDebugRegister = NONE                                         [Init: NONE]
Mon 17:14: INFO    : 	ManagerConfiguration.debug.memPllLockDebugRegs = true                                         [Init: true]
Mon 17:14: INFO    : 	ManagerConfiguration.debug.streamStatus = false                                               [Init: false]
Mon 17:14: INFO    : 	ManagerConfiguration.debug.streamStatusChecksums = false                                      [Init: false]
Mon 17:14: INFO    : 	ManagerConfiguration.dram.addressGeneratorsInSlowClock = false                                [Init: false]
Mon 17:14: INFO    : 	ManagerConfiguration.dram.arbitrationMode = ROUND_ROBIN                                       [Init: ROUND_ROBIN]
Mon 17:14: INFO    : 	ManagerConfiguration.dram.burstSize = 4                                                       [Init: 8, change: 4]
Mon 17:14: INFO    : 	ManagerConfiguration.dram.cmdFifoInReg = false                                                [Init: false]
Mon 17:14: INFO    : 	ManagerConfiguration.dram.cmdFifoLutRam = false                                               [Init: false]
Mon 17:14: INFO    : 	ManagerConfiguration.dram.cmdFifoRegInRam = true                                              [Init: true]
Mon 17:14: INFO    : 	ManagerConfiguration.dram.cmdFifoSize = 31                                                    [Init: 31]
Mon 17:14: INFO    : 	ManagerConfiguration.dram.commandEchoModeEnabled = false                                      [Init: false]
Mon 17:14: INFO    : 	ManagerConfiguration.dram.commandEchoModeFifoDepth = 512                                      [Init: 512]
Mon 17:14: INFO    : 	ManagerConfiguration.dram.commandEchoModeStreamAlmostEmptyLatency = 792                       [Init: 792]
Mon 17:14: INFO    : 	ManagerConfiguration.dram.commandEchoModeStreamAlmostEmptyLatency = 8                         [Init: 8]
Mon 17:14: INFO    : 	ManagerConfiguration.dram.commandEchoModeStreamStallLatency = 8                               [Init: 8]
Mon 17:14: INFO    : 	ManagerConfiguration.dram.dataFifoDepth = 512                                                 [Init: 512]
Mon 17:14: INFO    : 	ManagerConfiguration.dram.dataFifoLutRam = false                                              [Init: false]
Mon 17:14: INFO    : 	ManagerConfiguration.dram.dataFifoWidth = 792                                                 [Init: 792]
Mon 17:14: INFO    : 	ManagerConfiguration.dram.eccMode = false                                                     [Init: false]
Mon 17:14: INFO    : 	ManagerConfiguration.dram.fabricDataFifoReg = true                                            [Init: true]
Mon 17:14: INFO    : 	ManagerConfiguration.dram.fabricRdDataFifoReg = false                                         [Init: false]
Mon 17:14: INFO    : 	ManagerConfiguration.dram.flagSupport = false                                                 [Init: false]
Mon 17:14: INFO    : 	ManagerConfiguration.dram.highPrioStream = false                                              [Init: false]
Mon 17:14: INFO    : 	ManagerConfiguration.dram.max2CompatMode = false                                              [Init: false]
Mon 17:14: INFO    : 	ManagerConfiguration.dram.max4m_GALAVA_MCP_UseRefClk = false                                  [Init: false]
Mon 17:14: INFO    : 	ManagerConfiguration.dram.max4m_MAIA_MCP_UseRefClk = false                                    [Init: false]
Mon 17:14: INFO    : 	ManagerConfiguration.dram.max4qrateMode = false                                               [Init: false]
Mon 17:14: INFO    : 	ManagerConfiguration.dram.memCmdIncSize = 8                                                   [Init: 8]
Mon 17:14: INFO    : 	ManagerConfiguration.dram.memCmdStartAddrSize = 32                                            [Init: 32]
Mon 17:14: INFO    : 	ManagerConfiguration.dram.onCardMemFreq = 200.0                                               [Init: 0.0, change: 200.0]
Mon 17:14: INFO    : 	ManagerConfiguration.dram.parEccDebugStream = false                                           [Init: false]
Mon 17:14: INFO    : 	ManagerConfiguration.dram.parityEccWidth = 0                                                  [Init: 0]
Mon 17:14: INFO    : 	ManagerConfiguration.dram.parityMode = false                                                  [Init: false]
Mon 17:14: INFO    : 	ManagerConfiguration.dram.perdqsPhaseDetect = false                                           [Init: false]
Mon 17:14: INFO    : 	ManagerConfiguration.dram.performanceMode = true                                              [Init: true]
Mon 17:14: INFO    : 	ManagerConfiguration.enableMPCX = false                                                       [Init: false, init: false]
Mon 17:14: INFO    : 	ManagerConfiguration.maxring.maxringConnections = []                                          [Init: []]
Mon 17:14: INFO    : 	ManagerConfiguration.maxring.maxringNumLanes = {DFE_ON_REMOTE_CARD=4, DFE_ON_LOCAL_CARD=4}    [Init: {}]
Mon 17:14: INFO    : 	ManagerConfiguration.multiCycleMappedMemoryBus = false                                        [Init: false]
Mon 17:14: INFO    : 	ManagerConfiguration.network.qsfp0Mode = QSFP_OFF                                             [Init: QSFP_OFF]
Mon 17:14: INFO    : 	ManagerConfiguration.network.qsfp1Mode = QSFP_OFF                                             [Init: QSFP_OFF]
Mon 17:14: INFO    : 	ManagerConfiguration.network.qsfp2Mode = QSFP_OFF                                             [Init: QSFP_OFF]
Mon 17:14: INFO    : 	ManagerConfiguration.network.qsfp3Mode = QSFP_OFF                                             [Init: QSFP_OFF]
Mon 17:14: INFO    : 	ManagerConfiguration.network.qsfp4Mode = QSFP_OFF                                             [Init: QSFP_OFF]
Mon 17:14: INFO    : 	ManagerConfiguration.network.qsfp5Mode = QSFP_OFF                                             [Init: QSFP_OFF]
Mon 17:14: INFO    : 	ManagerConfiguration.network.qsfp6Mode = QSFP_OFF                                             [Init: QSFP_OFF]
Mon 17:14: INFO    : 	ManagerConfiguration.network.qsfp7Mode = QSFP_OFF                                             [Init: QSFP_OFF]
Mon 17:14: INFO    : 	ManagerConfiguration.pcie.numPCIeLanes = 8                                                    [Init: 0, change: 8]
Mon 17:14: INFO    : 	ManagerConfiguration.pcie.pcieFastClock = false                                               [Init: false]
Mon 17:14: INFO    : 	ManagerConfiguration.pcie.streamFromHostMaxNum = 0                                            [Init: 0]
Mon 17:14: INFO    : 	ManagerConfiguration.pcie.streamToHostMaxNum = 0                                              [Init: 0]
Mon 17:14: INFO    : 	ManagerConfiguration.persona.boardModel = MAX24412C                                           [Init: null, change: MAX24412C]
Mon 17:14: INFO    : 	ManagerConfiguration.persona.ddr3Enable = false                                               [Init: false]
Mon 17:14: INFO    : 	ManagerConfiguration.persona.ddr3Frq = 200.0                                                  [Init: 400.0, change: 200.0]
Mon 17:14: INFO    : 	ManagerConfiguration.persona.ddr3Qmode = false                                                [Init: false]
Mon 17:14: INFO    : 	ManagerConfiguration.persona.disableMultiplePersona = true                                    [Init: true]
Mon 17:14: INFO    : 	ManagerConfiguration.persona.dynamic_scaling = false                                          [Init: false]
Mon 17:14: INFO    : 	ManagerConfiguration.persona.enableCPLDOverrideOutpus = false                                 [Init: false]
Mon 17:14: INFO    : 	ManagerConfiguration.persona.enableJDFEPTPTestLogic = false                                   [Init: false]
Mon 17:14: INFO    : 	ManagerConfiguration.persona.maxRingLocal = false                                             [Init: false]
Mon 17:14: INFO    : 	ManagerConfiguration.persona.maxRingOptical = false                                           [Init: false]
Mon 17:14: INFO    : 	ManagerConfiguration.persona.maxringDataRate = 2500.0                                         [Init: 2500.0]
Mon 17:14: INFO    : 	ManagerConfiguration.persona.maxringOpticalDataRate = 10000.0                                 [Init: 10000.0]
Mon 17:14: INFO    : 	ManagerConfiguration.persona.mode = InitMode                                                  [Init: InitMode]
Mon 17:14: INFO    : 	ManagerConfiguration.persona.networkPTP = OFF                                                 [Init: OFF]
Mon 17:14: INFO    : 	ManagerConfiguration.persona.panMaxRingA = false                                              [Init: false]
Mon 17:14: INFO    : 	ManagerConfiguration.persona.panMaxRingB = false                                              [Init: false]
Mon 17:14: INFO    : 	ManagerConfiguration.persona.personaInterfaceVersion = 1                                      [Init: 1]
Mon 17:14: INFO    : 	ManagerConfiguration.persona.qdr2Enable = false                                               [Init: false]
Mon 17:14: INFO    : 	ManagerConfiguration.persona.qdr2Frq = 550.0                                                  [Init: 550.0]
Mon 17:14: INFO    : 	ManagerConfiguration.persona.streamClks = 1                                                   [Init: 1]
Mon 17:14: INFO    : 	ManagerConfiguration.persona.streamFrq = [100.0]                                              [Init: [150.0], change: [100.0]]
Mon 17:14: INFO    : 	ManagerConfiguration.persona.streamPs = [0]                                                   [Init: [0]]
Mon 17:14: INFO    : 	ManagerConfiguration.persona.usePCIeGen1 = false                                              [Init: false]
Mon 17:14: INFO    : 	ManagerConfiguration.simulation.nativeFloatingPoint = false                                   [Init: false]
Mon 17:14: INFO    : 	ManagerConfiguration.streamClockFrq = 100                                                     [Init: 100]
Mon 17:14: INFO    : 	ManagerConfiguration.useLegacyStreamFIFOs = false                                             [Init: false]
Mon 17:14: INFO    : 
Mon 17:14: INFO    :  -- 
Mon 17:14: PROGRESS: 
Mon 17:14: PROGRESS: Compiling kernel "BrightnessKernel"
Mon 17:14: INFO    : Configuration:
Mon 17:14: INFO    : 	KernelConfiguration.additionalInputPipelining = 64                                          [Init: 64]
Mon 17:14: INFO    : 	KernelConfiguration.allowDSPCascading = true                                                [Init: true]
Mon 17:14: INFO    : 	KernelConfiguration.allowInputsOutputsBeforeFlushNode = false                               [Init: false]
Mon 17:14: INFO    : 	KernelConfiguration.allowZeroLatencyNodeHold = false                                        [Init: false]
Mon 17:14: INFO    : 	KernelConfiguration.board = MAX24412C                                                       [Init: MAX2116B, change: MAX24412C]
Mon 17:14: INFO    : 	KernelConfiguration.bramBitsThreshold = 2080                                                [Init: 2080]
Mon 17:14: INFO    : 	KernelConfiguration.buildTarget = MAXCOMPILERSIM_HOST_DRIVEN                                [Init: NONE, change: MAXCOMPILERSIM_HOST_DRIVEN]
Mon 17:14: INFO    : 	KernelConfiguration.cePipelining = 2                                                        [Init: 2]
Mon 17:14: INFO    : 	KernelConfiguration.clockPhaseBalanceThreshold = 0.1                                        [Init: 0.1]
Mon 17:14: INFO    : 	KernelConfiguration.clockPhasingRetries = 50                                                [Init: 50]
Mon 17:14: INFO    : 	KernelConfiguration.dumpNeighboursString =                                                  [Init: ]
Mon 17:14: INFO    : 	KernelConfiguration.enableCeReplication = true                                              [Init: true]
Mon 17:14: INFO    : 	KernelConfiguration.enableClockPhasePartitioning = false                                    [Init: false]
Mon 17:14: INFO    : 	KernelConfiguration.enableDebugIOControlRegs = true                                         [Init: true]
Mon 17:14: INFO    : 	KernelConfiguration.enableDummyBuild = false                                                [Init: false]
Mon 17:14: INFO    : 	KernelConfiguration.enableKernelProfiler = false                                            [Init: false]
Mon 17:14: INFO    : 	KernelConfiguration.enablePipelinedComputeController = false                                [Init: false]
Mon 17:14: INFO    : 	KernelConfiguration.enableShadowRegister = false                                            [Init: false]
Mon 17:14: INFO    : 	KernelConfiguration.enableSmartKernelControl = false                                        [Init: false]
Mon 17:14: INFO    : 	KernelConfiguration.fifoSrlRegisterStages = 1                                               [Init: 1]
Mon 17:14: INFO    : 	KernelConfiguration.flushOnInputDataCongtiguous = false                                     [Init: false]
Mon 17:14: INFO    : 	KernelConfiguration.hardwareDebugDepth = 512                                                [Init: 512]
Mon 17:14: INFO    : 	KernelConfiguration.hwHierarchyMode = UNSET                                                 [Init: UNSET]
Mon 17:14: INFO    : 	KernelConfiguration.latencyAnnotation = false                                               [Init: false]
Mon 17:14: INFO    : 	KernelConfiguration.latencyAnnotationIOs =                                                  [Init: null]
Mon 17:14: INFO    : 	KernelConfiguration.maxCoalescedFifoWidth = 2147483647                                      [Init: 2147483647]
Mon 17:14: INFO    : 	KernelConfiguration.maxPreAdderFanOut = 1                                                   [Init: 1]
Mon 17:14: INFO    : 	KernelConfiguration.netlistMode = false                                                     [Init: false]
Mon 17:14: INFO    : 	KernelConfiguration.numPhotonStateMachines = 1                                              [Init: 1]
Mon 17:14: INFO    : 	KernelConfiguration.optimizations.ceCounterRegisterDuplication = 1                          [Init: 1]
Mon 17:14: INFO    : 	KernelConfiguration.optimizations.conditionalArithmetic = true                              [Init: true]
Mon 17:14: INFO    : 	KernelConfiguration.optimizations.counterChainWrapPipelining = 0                            [Init: 0]
Mon 17:14: INFO    : 	KernelConfiguration.optimizations.dspAddChain = OPTIMISE_IGNORE_PREADDER                    [Init: null, Init after BuildTarget change: OPTIMISE_IGNORE_PREADDER]
Mon 17:14: INFO    : 	KernelConfiguration.optimizations.enableActiveFanoutReduction = false                       [Init: false]
Mon 17:14: INFO    : 	KernelConfiguration.optimizations.enableBUFGCE = false                                      [Init: false]
Mon 17:14: INFO    : 	KernelConfiguration.optimizations.enableBetterInputRegistering = false                      [Init: false]
Mon 17:14: INFO    : 	KernelConfiguration.optimizations.enableBetterRegistering = false                           [Init: false]
Mon 17:14: INFO    : 	KernelConfiguration.optimizations.enableFIFOCoalescingAcrossPlacementConstraints = false    [Init: false]
Mon 17:14: INFO    : 	KernelConfiguration.optimizations.enableFifoCoalescing = true                               [Init: true]
Mon 17:14: INFO    : 	KernelConfiguration.optimizations.enableFullPrecisionBinaryOpConstants = false              [Init: false]
Mon 17:14: INFO    : 	KernelConfiguration.optimizations.enableIntegratedRounding = false                          [Init: false]
Mon 17:14: INFO    : 	KernelConfiguration.optimizations.enableMappedMemoryHostReadBack = true                     [Init: true]
Mon 17:14: INFO    : 	KernelConfiguration.optimizations.enableMultiCycleReset = false                             [Init: false]
Mon 17:14: INFO    : 	KernelConfiguration.optimizations.enablePowerTwoFloatMult = true                            [Init: true]
Mon 17:14: INFO    : 	KernelConfiguration.optimizations.enableRedundantNodeDeletion = true                        [Init: true]
Mon 17:14: INFO    : 	KernelConfiguration.optimizations.enableStateMachineRegisterMerging = true                  [Init: true]
Mon 17:14: INFO    : 	KernelConfiguration.optimizations.inputFlushDistanceFactor = 0                              [Init: 0]
Mon 17:14: INFO    : 	KernelConfiguration.optimizations.minimumStaticFIFOSplitDepth = 1                           [Init: 1]
Mon 17:14: INFO    : 	KernelConfiguration.optimizations.optimizationTechnique = DEFAULT                           [Init: DEFAULT]
Mon 17:14: INFO    : 	KernelConfiguration.optimizations.triAdd = true                                             [Init: true]
Mon 17:14: INFO    : 	KernelConfiguration.partialReconfBlockName =                                                [Init: ]
Mon 17:14: INFO    : 	KernelConfiguration.partialReconfMode = false                                               [Init: false]
Mon 17:14: INFO    : 	KernelConfiguration.partialReconfTemplate = false                                           [Init: false]
Mon 17:14: INFO    : 	KernelConfiguration.replicateNodeCeLog2NumPartitions = 0                                    [Init: 0]
Mon 17:14: INFO    : 	KernelConfiguration.romBRAMBitsThreshold = 2080                                             [Init: 2080]
Mon 17:14: INFO    : 	KernelConfiguration.simulation.ramAddressCollisionBehaviour = EXCEPTION                     [Init: EXCEPTION]
Mon 17:14: INFO    : 	KernelConfiguration.simulation.ramOutOfBoundsAccessBehaviour = EXCEPTION                    [Init: EXCEPTION]
Mon 17:14: INFO    : 	KernelConfiguration.simulation.simProgressMessageFrequency = 0                              [Init: 0]
Mon 17:14: INFO    : 
Mon 17:14: INFO    :  -- 
Mon 17:14: INFO    : Writing current graph to: Brightness-BrightnessKernel-original.pxg
Mon 17:14: INFO    : Running kernel graph-pass 'GeneratePXG'.
Mon 17:14: INFO    : Graph-pass 'GeneratePXG' took 318.974 ms (1 iterations)
Mon 17:14: INFO    : Running kernel graph-pass 'MarkConstantPass'.
Mon 17:14: INFO    : Graph-pass 'MarkConstantPass' took 1.52254 ms (1 iterations)
Mon 17:14: INFO    : Running kernel graph-pass 'ReachabilityPass'.
Mon 17:14: INFO    : Graph-pass 'ReachabilityPass' took 3.10227 ms (1 iterations)
Mon 17:14: INFO    : Running kernel graph-pass 'FindInputsLeadingToFlush'.
Mon 17:14: INFO    : Graph-pass 'FindInputsLeadingToFlush' took 112.873 µs (1 iterations)
Mon 17:14: INFO    : Running kernel graph-pass 'CheckForStatefulToFlushViolations'.
Mon 17:14: INFO    : Graph-pass 'CheckForStatefulToFlushViolations' took 271.569 µs (1 iterations)
Mon 17:14: INFO    : Running kernel graph-pass 'CheckForInputToFlushViolations'.
Mon 17:14: INFO    : Graph-pass 'CheckForInputToFlushViolations' took 766.630 µs (1 iterations)
Mon 17:14: INFO    : Deleting directory: neighbours
Mon 17:14: INFO    : Running Photon pre-schedule graph optimisations
Mon 17:14: INFO    : Running kernel graph-pass 'AlignOrEradicatePrintfs'.
Mon 17:14: INFO    : Graph-pass 'AlignOrEradicatePrintfs' took 150.361 µs (1 iterations)
Mon 17:14: INFO    : Running kernel graph-pass 'FoldConstantsPass'.
Mon 17:14: INFO    : Graph-pass 'FoldConstantsPass' took 941.343 µs (1 iterations)
Mon 17:14: INFO    : Running kernel graph-pass 'OptimiseNodesPass'.
Mon 17:14: INFO    : Graph-pass 'OptimiseNodesPass' took 57.4488 ms (2 iterations)
Mon 17:14: INFO    : Running kernel graph-pass 'DeleteRedundantNodes'.
Mon 17:14: INFO    : Graph-pass 'DeleteRedundantNodes' took 380.607 µs (1 iterations)
Mon 17:14: INFO    : Running kernel graph-pass 'DSPMultiplyAddExtractionPass'.
Mon 17:14: INFO    : Optimized 0 sub-graphs into DSP multiply/add chains (Virtex5 mode).
Mon 17:14: INFO    : Graph-pass 'DSPMultiplyAddExtractionPass' took 20.7985 ms (1 iterations)
Mon 17:14: INFO    : Running kernel graph-pass 'TriAddExtractionPass'.
Mon 17:14: INFO    : Graph-pass 'TriAddExtractionPass' took 1.67767 ms (1 iterations)
Mon 17:14: INFO    : Running kernel graph-pass 'ConditionalAddExtractionPass'.
Mon 17:14: INFO    : Optimized 0 sub-graphs into conditional adds/subs/triadds.
Mon 17:14: INFO    : Graph-pass 'ConditionalAddExtractionPass' took 583.618 µs (1 iterations)
Mon 17:14: INFO    : Running kernel graph-pass 'PO2FPMultOptimiser'.
Mon 17:14: INFO    : Graph-pass 'PO2FPMultOptimiser' took 165.649 µs (1 iterations)
Mon 17:14: INFO    : Running Photon simulation preparation
Mon 17:14: INFO    : Running kernel graph-pass 'PrepareSimulationPass'.
Mon 17:14: INFO    : Graph-pass 'PrepareSimulationPass' took 161.234 µs (1 iterations)
Mon 17:14: INFO    : Logging Photon stats to: BrightnessKernel_photon_stats.csv
Mon 17:14: INFO    : Deleting /home/demo/Desktop/MaxCompiler-Builds/Brightness_MAX2C_DFE_SIM/scratch/BrightnessKernel_photon_stats.csv
Mon 17:14: INFO    : Running kernel graph-pass 'StatsPass'.
Mon 17:14: INFO    : Graph-pass 'StatsPass' took 6.23404 ms (1 iterations)
Mon 17:14: INFO    : Running kernel graph-pass 'CollectNumericExceptions'.
Mon 17:14: INFO    : Graph-pass 'CollectNumericExceptions' took 135.390 µs (1 iterations)
Mon 17:14: INFO    : Running kernel graph-pass 'StreamOffsetDivExpand'.
Mon 17:14: INFO    : Graph-pass 'StreamOffsetDivExpand' took 130.802 µs (1 iterations)
Mon 17:14: INFO    : Running kernel graph-pass 'FindIllegalLoops'.
Mon 17:14: INFO    : Graph-pass 'FindIllegalLoops' took 736.548 µs (1 iterations)
Mon 17:14: INFO    : Running kernel graph-pass 'MarkConstantPass'.
Mon 17:14: INFO    : Graph-pass 'MarkConstantPass' took 250.865 µs (1 iterations)
Mon 17:14: INFO    : Running kernel graph-pass 'ScheduleVariables'.
Mon 17:14: INFO    : Graph-pass 'ScheduleVariables' took 3.33460 ms (1 iterations)
Mon 17:14: INFO    : Running kernel graph-pass 'SubstituteEqPlaceholders'.
Mon 17:14: INFO    : Graph-pass 'SubstituteEqPlaceholders' took 80.4490 µs (1 iterations)
Mon 17:14: INFO    : Running kernel graph-pass 'ScheduleApplier'.
Mon 17:14: INFO    : Graph-pass 'ScheduleApplier' took 1.31933 ms (1 iterations)
Mon 17:14: INFO    : Running kernel graph-pass 'MarkConstantPass'.
Mon 17:14: INFO    : Graph-pass 'MarkConstantPass' took 222.977 µs (1 iterations)
Mon 17:14: INFO    : Running kernel graph-pass 'ScheduleDumper'.
Mon 17:14: INFO    : Graph-pass 'ScheduleDumper' took 1.42592 ms (1 iterations)
Mon 17:14: INFO    : Running Photon post-schedule graph optimisations (pass 1)
Mon 17:14: INFO    : Running kernel graph-pass 'TapFIFOsPass'.
Mon 17:14: INFO    : Graph-pass 'TapFIFOsPass' took 1.25254 ms (1 iterations)
Mon 17:14: INFO    : Running kernel graph-pass 'FoldFIFOsPass'.
Mon 17:14: INFO    : Graph-pass 'FoldFIFOsPass' took 473.345 µs (1 iterations)
Mon 17:14: INFO    : Running kernel graph-pass 'MarkConstantPass'.
Mon 17:14: INFO    : Graph-pass 'MarkConstantPass' took 238.976 µs (1 iterations)
Mon 17:14: INFO    : Running kernel graph-pass 'ValidateFIFOs'.
Mon 17:14: INFO    : Graph-pass 'ValidateFIFOs' took 117.534 µs (1 iterations)
Mon 17:14: INFO    : Running kernel graph-pass 'MarkConstantPass'.
Mon 17:14: INFO    : Graph-pass 'MarkConstantPass' took 212.058 µs (1 iterations)
Mon 17:14: INFO    : Running kernel graph-pass 'ScheduleDumper'.
Mon 17:14: INFO    : Graph-pass 'ScheduleDumper' took 1.19294 ms (1 iterations)
Mon 17:14: INFO    : Running kernel graph-pass 'MarkConstantPass'.
Mon 17:14: INFO    : Graph-pass 'MarkConstantPass' took 211.821 µs (1 iterations)
Mon 17:14: INFO    : Running kernel graph-pass 'ScheduleConstants'.
Mon 17:14: INFO    : Running command: "/opt/maxeler/maxcompiler/bin/cbc" "BrightnessKernel_schedule_C.mps.gz" -solve  -printi csv -solu "BrightnessKernel_schedule_C.csv" > "BrightnessKernel_schedule_C.stdout.log"
Mon 17:14: INFO    : Checking for file hash changes...
Mon 17:14: INFO    : Hash changed for file: 'BrightnessKernel_schedule_C.mps.gz'
Mon 17:14: INFO    : Optimum found: 192
Mon 17:14: INFO    : Graph-pass 'ScheduleConstants' took 112.304 ms (1 iterations)
Mon 17:14: INFO    : Running kernel graph-pass 'MarkConstantPass'.
Mon 17:14: INFO    : Graph-pass 'MarkConstantPass' took 248.491 µs (1 iterations)
Mon 17:14: INFO    : Running kernel graph-pass 'ScheduleDumper'.
Mon 17:14: INFO    : Graph-pass 'ScheduleDumper' took 3.13153 ms (1 iterations)
Mon 17:14: INFO    : Running kernel graph-pass 'SubstituteEqPlaceholders'.
Mon 17:14: INFO    : Graph-pass 'SubstituteEqPlaceholders' took 71.1290 µs (1 iterations)
Mon 17:14: INFO    : Running kernel graph-pass 'RemoveDistMeasurementNodes'.
Mon 17:14: INFO    : Graph-pass 'RemoveDistMeasurementNodes' took 17.0430 µs (1 iterations)
Mon 17:14: INFO    : Running kernel graph-pass 'ScheduleApplier'.
Mon 17:14: INFO    : Graph-pass 'ScheduleApplier' took 69.3565 ms (1 iterations)
Mon 17:14: INFO    : Maximum stream latency for kernel 'BrightnessKernel': 14
Mon 17:14: INFO    : Using user logic for flush.
Mon 17:14: INFO    : Running Photon post-schedule graph optimisations (pass 2)
Mon 17:14: INFO    : Running kernel graph-pass 'TapFIFOsPass'.
Mon 17:14: INFO    : Graph-pass 'TapFIFOsPass' took 1.10866 ms (1 iterations)
Mon 17:14: INFO    : Running kernel graph-pass 'FoldFIFOsPass'.
Mon 17:14: INFO    : Graph-pass 'FoldFIFOsPass' took 2.07693 ms (1 iterations)
Mon 17:14: INFO    : Running kernel graph-pass 'MarkConstantPass'.
Mon 17:14: INFO    : Graph-pass 'MarkConstantPass' took 264.894 µs (1 iterations)
Mon 17:14: INFO    : Running kernel graph-pass 'ScheduleAsserter'.
Mon 17:14: INFO    : Graph-pass 'ScheduleAsserter' took 5.64876 ms (1 iterations)
Mon 17:14: INFO    : Running kernel graph-pass 'ReplaceEvalStreamOffsetNodes'.
Mon 17:14: INFO    : Graph-pass 'ReplaceEvalStreamOffsetNodes' took 160.091 µs (1 iterations)
Mon 17:14: INFO    : Running kernel graph-pass 'FIFOReport'.
Mon 17:14: INFO    : Graph-pass 'FIFOReport' took 1.45722 ms (1 iterations)
Mon 17:14: INFO    : Running kernel graph-pass 'StatsPass'.
Mon 17:14: INFO    : Graph-pass 'StatsPass' took 4.27346 ms (1 iterations)
Mon 17:14: INFO    : Running kernel graph-pass 'RemoveUntypedConstants'.
Mon 17:14: INFO    : Graph-pass 'RemoveUntypedConstants' took 31.6075 ms (1 iterations)
Mon 17:14: INFO    : Running kernel graph-pass 'VariableSizeMappedRegInserter'.
Mon 17:14: INFO    : Graph-pass 'VariableSizeMappedRegInserter' took 148.138 µs (1 iterations)
Mon 17:14: INFO    : Running kernel graph-pass 'MarkConstantPass'.
Mon 17:14: INFO    : Graph-pass 'MarkConstantPass' took 239.397 µs (1 iterations)
Mon 17:14: INFO    : Running kernel graph-pass 'MakeMaxFileNodeData'.
Mon 17:14: INFO    : Graph-pass 'MakeMaxFileNodeData' took 3.82449 ms (1 iterations)
Mon 17:14: INFO    : Running kernel graph-pass 'MoveFanoutRegsForwards'.
Mon 17:14: INFO    : Graph-pass 'MoveFanoutRegsForwards' took 130.317 µs (1 iterations)
Mon 17:14: INFO    : Optimization report for Kernel 'BrightnessKernel'.
Mon 17:14: INFO    : Enabled optimizations:
Mon 17:14: INFO    : 	DSP-Multiplication
Mon 17:14: INFO    : 	Tri-Adder
Mon 17:14: INFO    : 	Conditional (Tri)Adds/Subs/AddSubs
Mon 17:14: INFO    : 	Power-of-2 Floating Point
Mon 17:14: INFO    : Creating a preliminary MaxCompilerDesignData.dat. (@ CoreCompile BrightnessKernel)
Mon 17:14: INFO    : Deleting /home/demo/Desktop/MaxCompiler-Builds/Brightness_MAX2C_DFE_SIM/scratch/MaxCompilerDesignData.dat
Mon 17:14: INFO    : Total compilation of 'BrightnessKernel' took 874.823 ms.
Mon 17:14: INFO    : Running kernel graph-pass 'MarkConstantPass'.
Mon 17:14: INFO    : Graph-pass 'MarkConstantPass' took 298.272 µs (1 iterations)
Mon 17:14: INFO    : Running kernel graph-pass 'MaxConstantLatency'.
Mon 17:14: INFO    : Graph-pass 'MaxConstantLatency' took 951.465 µs (1 iterations)
Mon 17:14: INFO    : Running kernel graph-pass 'SimCodeGraphPass'.
Mon 17:14: INFO    : Graph-pass 'SimCodeGraphPass' took 16.3805 ms (1 iterations)
Mon 17:14: INFO    : Writing current graph to: Brightness-BrightnessKernel-final-simulation.pxg
Mon 17:14: INFO    : Running kernel graph-pass 'GeneratePXG'.
Mon 17:14: INFO    : Graph-pass 'GeneratePXG' took 58.5846 ms (1 iterations)
Mon 17:14: INFO    : Deleting /home/demo/Desktop/MaxCompiler-Builds/Brightness_MAX2C_DFE_SIM/scratch/Manager_Brightness.graphs
Mon 17:14: INFO    : Running manager compiler graph-pass: GenerateMXGInfo
Mon 17:14: INFO    : Running manager compiler graph-pass: ScheduleStallLatency
Mon 17:14: INFO    : Running manager compiler graph-pass: ClockWidthAssignment
Mon 17:14: INFO    : Running manager compiler graph-pass: InsertDualAspectLogic
Mon 17:14: INFO    : Running manager compiler graph-pass: ClockWidthAssignment
Mon 17:14: INFO    : Running manager compiler graph-pass: InsertPullPushAdapter
Mon 17:14: INFO    : Running manager compiler graph-pass: ClockWidthAssignment
Mon 17:14: INFO    : Running manager compiler graph-pass: InsertStreamFifos
Mon 17:14: INFO    : Running manager compiler graph-pass: ClockWidthAssignment
Mon 17:14: INFO    : Running manager compiler graph-pass: InsertStreamStatus
Mon 17:14: INFO    : Running manager compiler graph-pass: InsertChipscope
Mon 17:14: INFO    : Inserted 0 chipscope manager nodes.
Mon 17:14: INFO    : Running manager compiler graph-pass: ClockWidthAssignment
Mon 17:14: INFO    : Running manager compiler graph-pass: ReportClockAssignments
Mon 17:14: INFO    : Running manager compiler graph-pass: BuildSoftwareSim
Mon 17:14: INFO    : Mapped register report:
Mon 17:14: INFO    : 	0	io_inImage1_force_disabled	1bytes
Mon 17:14: INFO    : 	1	io_inImage2_force_disabled	1bytes
Mon 17:14: INFO    : 	2	io_inImage3_force_disabled	1bytes
Mon 17:14: INFO    : 	3	io_outImage1_force_disabled	1bytes
Mon 17:14: INFO    : 	4	io_outImage2_force_disabled	1bytes
Mon 17:14: INFO    : 	5	io_outImage3_force_disabled	1bytes
Mon 17:14: INFO    : 	6	run_cycle_count	6bytes
Mon 17:14: INFO    : 	c	current_run_cycle_count	6bytes
Mon 17:14: INFO    : 	12	dbg_ctld_almost_empty	1bytes
Mon 17:14: INFO    : 	13	dbg_ctld_done	1bytes
Mon 17:14: INFO    : 	14	dbg_ctld_empty	1bytes
Mon 17:14: INFO    : 	15	dbg_ctld_read	1bytes
Mon 17:14: INFO    : 	16	dbg_ctld_read_pipe_dbg	2bytes
Mon 17:14: INFO    : 	18	dbg_ctld_request	1bytes
Mon 17:14: INFO    : 	19	dbg_done_out	1bytes
Mon 17:14: INFO    : 	1a	dbg_fill_level	1bytes
Mon 17:14: INFO    : 	1b	dbg_flush_level	1bytes
Mon 17:14: INFO    : 	1c	dbg_flush_start	1bytes
Mon 17:14: INFO    : 	1d	dbg_flush_start_level	1bytes
Mon 17:14: INFO    : 	1e	dbg_flushing	1bytes
Mon 17:14: INFO    : 	1f	dbg_full_level	1bytes
Mon 17:14: INFO    : 	20	dbg_out_stall	1bytes
Mon 17:14: INFO    : 	21	dbg_out_valid	1bytes
Mon 17:14: INFO    : 	22	dbg_stall_vector	1bytes
Mon 17:14: INFO    : 	23	ifpga_ctrl	1bytes
Mon 17:14: INFO    : 	24	SFA_FORWARD_EN	4bytes
Mon 17:14: INFO    : Mapped register chain length = 40
Mon 17:14: INFO    : Mapped register efficiency = 0.61 (194 / 320 bits)
Mon 17:14: INFO    : Mapped memory report:
Mon 17:14: INFO    : 	No mapped memories in this design.
Mon 17:14: INFO    : Running manager compiler graph-pass: GenerateMXGInfo
Mon 17:14: INFO    : Running manager compiler graph-pass: GenerateSlicHostCode
Mon 17:14: INFO    : Generating SLIC interface information
Mon 17:14: INFO    : Generating SLIC code for interface 'default'
Mon 17:14: INFO    : Skipping blacklisted scalar parameter 'BrightnessKernel.current_run_cycle_count'
Mon 17:14: INFO    : Interface 'default' depends on parameter 'N'
Mon 17:14: INFO    : Generating XML description for Maxfile
Mon 17:14: INFO    : Generating XML description for mode 'default'
Mon 17:14: INFO    : Skipping blacklisted scalar parameter 'BrightnessKernel.current_run_cycle_count'
Mon 17:14: INFO    : Interface 'default' depends on parameter 'N'
Mon 17:14: INFO    : Adding SLIC sections to the maxfile
Mon 17:14: INFO    : Adding user files to the maxfile
Mon 17:14: INFO    : Generating SLIC include file
Mon 17:14: INFO    : Done generating SLIC interface information
Mon 17:14: PROGRESS: Running back-end simulation build (3 phases)
Mon 17:14: PROGRESS: (1/3) - Prepare MaxFile Data (GenerateMaxFileDataFile)
Mon 17:14: INFO    : Build pass 'GenerateMaxFileDataFile' took 10.7486 ms.
Mon 17:14: PROGRESS: (2/3) - Compile Simulation Modules (SimCompilePass)
Mon 17:14: INFO    : Running command: make -j1
Mon 17:14: INFO    : Checking for file hash changes...
Mon 17:14: INFO    : Hash changed for file: 'tmp_resource_dump/BrightnessKernel.h'
Mon 17:14: INFO    : Hash changed for file: 'tmp_resource_dump/BrightnessKernel_exec0.cpp'
Mon 17:14: INFO    : Hash changed for file: 'tmp_resource_dump/BrightnessKernel.cpp'
Mon 17:14: INFO    : Hash changed for file: '../../MaxCompilerDesignData.dat'
Mon 17:14: INFO    : /opt/maxeler/maxcompiler/lib/clang/bin/start.sh clang++ -c -fPIC -B/opt/maxeler/maxcompiler/lib/gcc -fbracket-depth=1024 -D_GLIBCXX__PTHREADS -D__USE_XOPEN2K8 -O3  -I. -I/opt/maxeler/maxcompiler/lib/boost/include -I/opt/maxeler/maxcompiler/lib/maxeleros-sim/include -I/opt/maxeler/maxcompiler/lib/lwip_sim -I/opt/maxeler/maxcompiler/lib/lwip_sim/include -I/opt/maxeler/maxcompiler/lib/lwip_sim/include/arch -I/opt/maxeler/maxcompiler/lib/lwip_sim/include/ipv4  -DHAVE_KERNELS -DMAXFILE_INC="../../MaxCompilerDesignData.dat" -g0  -DSLIC_NO_DECLARATIONS   -O0 -DOPTIMIZATION_LEVEL=0 -x c++-header \
Mon 17:14: INFO    : 		-o stdsimheader.h.gch/O0_stdsimheader.h.gch stdsimheader.h
Mon 17:14: INFO    : /opt/maxeler/maxcompiler/lib/clang/bin/start.sh clang++ -c -fPIC -B/opt/maxeler/maxcompiler/lib/gcc -fbracket-depth=1024 -D_GLIBCXX__PTHREADS -D__USE_XOPEN2K8 -O3  -I. -I/opt/maxeler/maxcompiler/lib/boost/include -I/opt/maxeler/maxcompiler/lib/maxeleros-sim/include -I/opt/maxeler/maxcompiler/lib/lwip_sim -I/opt/maxeler/maxcompiler/lib/lwip_sim/include -I/opt/maxeler/maxcompiler/lib/lwip_sim/include/arch -I/opt/maxeler/maxcompiler/lib/lwip_sim/include/ipv4  -DHAVE_KERNELS -DMAXFILE_INC="../../MaxCompilerDesignData.dat" -g0  -DSLIC_NO_DECLARATIONS   -fno-implicit-templates -O2 -DOPTIMIZATION_LEVEL=2 -x c++-header \
Mon 17:14: INFO    : 		-o stdsimheader.h.gch/NoTplInst_O2_stdsimheader.h.gch stdsimheader.h
Mon 17:14: INFO    : make Brightness.so
Mon 17:14: INFO    : make[1]: Entering directory `/home/demo/Desktop/MaxCompiler-Builds/Brightness_MAX2C_DFE_SIM/scratch/software-sim/build'
Mon 17:14: INFO    : /opt/maxeler/maxcompiler/lib/clang/bin/start.sh clang++ -c -fPIC -B/opt/maxeler/maxcompiler/lib/gcc -fbracket-depth=1024 -D_GLIBCXX__PTHREADS -D__USE_XOPEN2K8 -O3  -I. -I/opt/maxeler/maxcompiler/lib/boost/include -I/opt/maxeler/maxcompiler/lib/maxeleros-sim/include -I/opt/maxeler/maxcompiler/lib/lwip_sim -I/opt/maxeler/maxcompiler/lib/lwip_sim/include -I/opt/maxeler/maxcompiler/lib/lwip_sim/include/arch -I/opt/maxeler/maxcompiler/lib/lwip_sim/include/ipv4  -DHAVE_KERNELS -DMAXFILE_INC="../../MaxCompilerDesignData.dat" -g0  -DSLIC_NO_DECLARATIONS   -fno-implicit-templates -include-pch stdsimheader.h.gch -O2 -DOPTIMIZATION_LEVEL=2 -o objdir/BrightnessKernel_exec0.NoTplInst.O2.o BrightnessKernel_exec0.cpp
Mon 17:14: INFO    : /opt/maxeler/maxcompiler/lib/clang/bin/start.sh clang++ -fPIC -B/opt/maxeler/maxcompiler/lib/gcc -fbracket-depth=1024 -D_GLIBCXX__PTHREADS -D__USE_XOPEN2K8 -O3  -I. -I/opt/maxeler/maxcompiler/lib/boost/include -I/opt/maxeler/maxcompiler/lib/maxeleros-sim/include -I/opt/maxeler/maxcompiler/lib/lwip_sim -I/opt/maxeler/maxcompiler/lib/lwip_sim/include -I/opt/maxeler/maxcompiler/lib/lwip_sim/include/arch -I/opt/maxeler/maxcompiler/lib/lwip_sim/include/ipv4  -DHAVE_KERNELS -DMAXFILE_INC="../../MaxCompilerDesignData.dat" -g0  -DSLIC_NO_DECLARATIONS   -MM -MP -MT objdir/BrightnessKernel_exec0.NoTplInst.O2.o \
Mon 17:14: INFO    : 		BrightnessKernel_exec0.cpp > objdir/BrightnessKernel_exec0.NoTplInst.O2.d
Mon 17:14: INFO    : /opt/maxeler/maxcompiler/lib/clang/bin/start.sh clang++ -c -fPIC -B/opt/maxeler/maxcompiler/lib/gcc -fbracket-depth=1024 -D_GLIBCXX__PTHREADS -D__USE_XOPEN2K8 -O3  -I. -I/opt/maxeler/maxcompiler/lib/boost/include -I/opt/maxeler/maxcompiler/lib/maxeleros-sim/include -I/opt/maxeler/maxcompiler/lib/lwip_sim -I/opt/maxeler/maxcompiler/lib/lwip_sim/include -I/opt/maxeler/maxcompiler/lib/lwip_sim/include/arch -I/opt/maxeler/maxcompiler/lib/lwip_sim/include/ipv4  -DHAVE_KERNELS -DMAXFILE_INC="../../MaxCompilerDesignData.dat" -g0  -DSLIC_NO_DECLARATIONS   -include-pch stdsimheader.h.gch -O0 -DOPTIMIZATION_LEVEL=0 -o objdir/BrightnessKernel.O0.o BrightnessKernel.cpp
Mon 17:14: INFO    : /opt/maxeler/maxcompiler/lib/clang/bin/start.sh clang++ -fPIC -B/opt/maxeler/maxcompiler/lib/gcc -fbracket-depth=1024 -D_GLIBCXX__PTHREADS -D__USE_XOPEN2K8 -O3  -I. -I/opt/maxeler/maxcompiler/lib/boost/include -I/opt/maxeler/maxcompiler/lib/maxeleros-sim/include -I/opt/maxeler/maxcompiler/lib/lwip_sim -I/opt/maxeler/maxcompiler/lib/lwip_sim/include -I/opt/maxeler/maxcompiler/lib/lwip_sim/include/arch -I/opt/maxeler/maxcompiler/lib/lwip_sim/include/ipv4  -DHAVE_KERNELS -DMAXFILE_INC="../../MaxCompilerDesignData.dat" -g0  -DSLIC_NO_DECLARATIONS   -MM -MP -MT objdir/BrightnessKernel.O0.o \
Mon 17:14: INFO    : 		BrightnessKernel.cpp > objdir/BrightnessKernel.O0.d
Mon 17:14: INFO    : /opt/maxeler/maxcompiler/lib/clang/bin/start.sh clang++ -c -fPIC -B/opt/maxeler/maxcompiler/lib/gcc -fbracket-depth=1024 -D_GLIBCXX__PTHREADS -D__USE_XOPEN2K8 -O3  -I. -I/opt/maxeler/maxcompiler/lib/boost/include -I/opt/maxeler/maxcompiler/lib/maxeleros-sim/include -I/opt/maxeler/maxcompiler/lib/lwip_sim -I/opt/maxeler/maxcompiler/lib/lwip_sim/include -I/opt/maxeler/maxcompiler/lib/lwip_sim/include/arch -I/opt/maxeler/maxcompiler/lib/lwip_sim/include/ipv4  -DHAVE_KERNELS -DMAXFILE_INC="../../MaxCompilerDesignData.dat" -g0  -DSLIC_NO_DECLARATIONS   -include-pch stdsimheader.h.gch -O2 -DOPTIMIZATION_LEVEL=2 -o objdir/BrightnessKernel_Templates.O2.o BrightnessKernel_Templates.cpp
Mon 17:14: INFO    : /opt/maxeler/maxcompiler/lib/clang/bin/start.sh clang++ -fPIC -B/opt/maxeler/maxcompiler/lib/gcc -fbracket-depth=1024 -D_GLIBCXX__PTHREADS -D__USE_XOPEN2K8 -O3  -I. -I/opt/maxeler/maxcompiler/lib/boost/include -I/opt/maxeler/maxcompiler/lib/maxeleros-sim/include -I/opt/maxeler/maxcompiler/lib/lwip_sim -I/opt/maxeler/maxcompiler/lib/lwip_sim/include -I/opt/maxeler/maxcompiler/lib/lwip_sim/include/arch -I/opt/maxeler/maxcompiler/lib/lwip_sim/include/ipv4  -DHAVE_KERNELS -DMAXFILE_INC="../../MaxCompilerDesignData.dat" -g0  -DSLIC_NO_DECLARATIONS   -MM -MP -MT objdir/BrightnessKernel_Templates.O2.o \
Mon 17:14: INFO    : 		BrightnessKernel_Templates.cpp > objdir/BrightnessKernel_Templates.O2.d
Mon 17:14: INFO    : /opt/maxeler/maxcompiler/lib/clang/bin/start.sh clang++ -c -fPIC -B/opt/maxeler/maxcompiler/lib/gcc -fbracket-depth=1024 -D_GLIBCXX__PTHREADS -D__USE_XOPEN2K8 -O3  -I. -I/opt/maxeler/maxcompiler/lib/boost/include -I/opt/maxeler/maxcompiler/lib/maxeleros-sim/include -I/opt/maxeler/maxcompiler/lib/lwip_sim -I/opt/maxeler/maxcompiler/lib/lwip_sim/include -I/opt/maxeler/maxcompiler/lib/lwip_sim/include/arch -I/opt/maxeler/maxcompiler/lib/lwip_sim/include/ipv4  -DHAVE_KERNELS -DMAXFILE_INC="../../MaxCompilerDesignData.dat" -g0  -DSLIC_NO_DECLARATIONS   -include-pch stdsimheader.h.gch -O0 -DOPTIMIZATION_LEVEL=0 -o objdir/max_msi.O0.o max_msi.cpp
Mon 17:14: INFO    : In file included from max_msi.cpp:19:
Mon 17:14: INFO    : /home/demo/Desktop/MaxCompiler-Builds/Brightness_MAX2C_DFE_SIM/scratch/software-sim/build/MaxFile.h:4:9: warning: '_QUOTE' macro redefined [-Wmacro-redefined]
Mon 17:14: INFO    : #define _QUOTE(what) #what
Mon 17:14: INFO    :         ^
Mon 17:14: INFO    : /opt/maxeler/maxcompiler/lib/maxeleros-sim/include/maxrt_error.h:87:9: note: previous definition is here
Mon 17:14: INFO    : #define _QUOTE(x) #x
Mon 17:14: INFO    :         ^
Mon 17:15: INFO    : 1 warning generated.
Mon 17:15: INFO    : /opt/maxeler/maxcompiler/lib/clang/bin/start.sh clang++ -fPIC -B/opt/maxeler/maxcompiler/lib/gcc -fbracket-depth=1024 -D_GLIBCXX__PTHREADS -D__USE_XOPEN2K8 -O3  -I. -I/opt/maxeler/maxcompiler/lib/boost/include -I/opt/maxeler/maxcompiler/lib/maxeleros-sim/include -I/opt/maxeler/maxcompiler/lib/lwip_sim -I/opt/maxeler/maxcompiler/lib/lwip_sim/include -I/opt/maxeler/maxcompiler/lib/lwip_sim/include/arch -I/opt/maxeler/maxcompiler/lib/lwip_sim/include/ipv4  -DHAVE_KERNELS -DMAXFILE_INC="../../MaxCompilerDesignData.dat" -g0  -DSLIC_NO_DECLARATIONS   -MM -MP -MT objdir/max_msi.O0.o \
Mon 17:15: INFO    : 		max_msi.cpp > objdir/max_msi.O0.d
Mon 17:15: INFO    : /opt/maxeler/maxcompiler/lib/clang/bin/start.sh clang++ -fPIC -shared -B/opt/maxeler/maxcompiler/lib/gcc -L/opt/maxeler/maxcompiler/lib/boost/lib -lboost_thread -lboost_system -lboost_filesystem -lrt -pthread -O2 -s  -o Brightness.so objdir/BrightnessKernel_exec0.NoTplInst.O2.o objdir/BrightnessKernel.O0.o objdir/BrightnessKernel_Templates.O2.o objdir/max_msi.O0.o StructToGroupDummy.o Mux.o DualAspectMux.o Demux.o Fanout.o CapRegs.o IFPGARegs.o ChecksumMem.o PCIe.o KernelManagerBlockSync.o DualAspectReg.o PullPushAdapter.o FilePullSource.o max_shared_fifo.o SharedFIFO.o Fifos.o FilePushSink.o SimTerminator.o Watch.o StreamStatus.o RunLengthExpander.o ManagerBlock.o MappedElements.o ManagerSync.o PullSync.o PushSync.o DynamicVarUInt.o SimException.o DebugStreams.o AddressGenerator.o MemoryControllerPro.o MemoryControllerRAM.o MemoryControllerCommand.o MemoryControllerStreams.o MemoryControllerConfig.o TCP.o Ethernet.o Timestamp.o /opt/maxeler/maxcompiler/lib/lwip_sim/lib/liblwip.a
Mon 17:15: INFO    : make[1]: Leaving directory `/home/demo/Desktop/MaxCompiler-Builds/Brightness_MAX2C_DFE_SIM/scratch/software-sim/build'
Mon 17:15: INFO    : Build pass 'SimCompilePass' took 11.6777 s.
Mon 17:15: PROGRESS: (3/3) - Generate MaxFile (AddSimObjectToMaxFilePass)
Mon 17:15: INFO    : Build pass 'AddSimObjectToMaxFilePass' took 760.516 ms.
Mon 17:15: INFO    : Final result files after build: 
Mon 17:15: INFO    : Running command: ln -sf "../scratch/Brightness-BrightnessKernel-original.pxg"
Mon 17:15: INFO    : Brightness-BrightnessKernel-original.pxg (BuildFilePXG)
Mon 17:15: INFO    : Running command: ln -sf "../scratch/BrightnessKernel_Configuration.txt"
Mon 17:15: INFO    : BrightnessKernel_Configuration.txt (BuildFile)
Mon 17:15: INFO    : Running command: ln -sf "../scratch/BrightnessKernel_NodeDiary.txt"
Mon 17:15: INFO    : BrightnessKernel_NodeDiary.txt (BuildFile)
Mon 17:15: INFO    : Running command: ln -sf "../scratch/Brightness-BrightnessKernel-final-simulation.pxg"
Mon 17:15: INFO    : Brightness-BrightnessKernel-final-simulation.pxg (BuildFilePXG)
Mon 17:15: INFO    : Running command: ln -sf "../scratch/Brightness.xml"
Mon 17:15: INFO    : Brightness.xml (BuildFile)
Mon 17:15: INFO    : Running command: ln -sf "../scratch/Brightness.h"
Mon 17:15: INFO    : Brightness.h (BuildFileSlicH)
Mon 17:15: INFO    : Running command: ln -sf "../scratch/Brightness.max"
Mon 17:15: INFO    : Brightness.max (BuildFileMaxFile)
Mon 17:15: INFO    : Result files will be copied to '/home/demo/Desktop/konacnoBrightness/Maxeler_Brightness /RunRules/Simulation/maxfiles'
Mon 17:15: INFO    : Result 'Brightness-BrightnessKernel-original.pxg' is identical to '/home/demo/Desktop/konacnoBrightness/Maxeler_Brightness /RunRules/Simulation/maxfiles/Brightness-BrightnessKernel-original.pxg': not overwriting.
Mon 17:15: INFO    : Result 'Brightness-BrightnessKernel-final-simulation.pxg' is identical to '/home/demo/Desktop/konacnoBrightness/Maxeler_Brightness /RunRules/Simulation/maxfiles/Brightness-BrightnessKernel-final-simulation.pxg': not overwriting.
Mon 17:15: INFO    : Result 'Brightness.h' is identical to '/home/demo/Desktop/konacnoBrightness/Maxeler_Brightness /RunRules/Simulation/maxfiles/Brightness.h': not overwriting.
Mon 17:15: INFO    : Result 'Brightness.max' is identical to '/home/demo/Desktop/konacnoBrightness/Maxeler_Brightness /RunRules/Simulation/maxfiles/Brightness.max': not overwriting.
Mon 17:15: PROGRESS: MaxFile: /home/demo/Desktop/MaxCompiler-Builds/Brightness_MAX2C_DFE_SIM/results/Brightness.max (MD5Sum: 3c0bf37454f04212cb6a9ab619d9cf9f)
Mon 17:15: INFO    : Waiting for any outstanding jobs to finish... 
Mon 17:15: PROGRESS: Build completed: Mon Jan 11 17:15:03 PST 2016 (took 15 secs)
